# JRE version: Java(TM) SE Runtime Environment (8.0_171-b11) (build 1.8.0_171-b11)
# Java VM: Java HotSpot(TM) 64-Bit Server VM (25.171-b11 mixed mode windows-amd64 compressed oops)
GC Heap History (10 events):
Event: 24329.632 GC heap before
{Heap before GC invocations=2790 (full 1):
 PSYoungGen      total 32256K, used 32064K [0x0000000780000000, 0x0000000782d00000, 0x00000007c0000000)
  eden space 31744K, 100% used [0x0000000780000000,0x0000000781f00000,0x0000000781f00000)
  from space 512K, 62% used [0x0000000782c80000,0x0000000782cd0000,0x0000000782d00000)
  to   space 512K, 0% used [0x0000000782c00000,0x0000000782c00000,0x0000000782c80000)
 ParOldGen       total 237568K, used 203974K [0x0000000700000000, 0x000000070e800000, 0x0000000780000000)
  object space 237568K, 85% used [0x0000000700000000,0x000000070c731800,0x000000070e800000)
 Metaspace       used 11431K, capacity 11649K, committed 11904K, reserved 1060864K
  class space    used 993K, capacity 1079K, committed 1152K, reserved 1048576K
Event: 24329.634 GC heap after
Heap after GC invocations=2790 (full 1):
 PSYoungGen      total 32256K, used 320K [0x0000000780000000, 0x0000000782d00000, 0x00000007c0000000)
  eden space 31744K, 0% used [0x0000000780000000,0x0000000780000000,0x0000000781f00000)
  from space 512K, 62% used [0x0000000782c00000,0x0000000782c50000,0x0000000782c80000)
  to   space 512K, 0% used [0x0000000782c80000,0x0000000782c80000,0x0000000782d00000)
 ParOldGen       total 237568K, used 203982K [0x0000000700000000, 0x000000070e800000, 0x0000000780000000)
  object space 237568K, 85% used [0x0000000700000000,0x000000070c733800,0x000000070e800000)
 Metaspace       used 11431K, capacity 11649K, committed 11904K, reserved 1060864K
  class space    used 993K, capacity 1079K, committed 1152K, reserved 1048576K
}
Event: 24329.864 GC heap before
{Heap before GC invocations=2791 (full 1):
 PSYoungGen      total 32256K, used 32064K [0x0000000780000000, 0x0000000782d00000, 0x00000007c0000000)
  eden space 31744K, 100% used [0x0000000780000000,0x0000000781f00000,0x0000000781f00000)
  from space 512K, 62% used [0x0000000782c00000,0x0000000782c50000,0x0000000782c80000)
  to   space 512K, 0% used [0x0000000782c80000,0x0000000782c80000,0x0000000782d00000)
 ParOldGen       total 237568K, used 203982K [0x0000000700000000, 0x000000070e800000, 0x0000000780000000)
  object space 237568K, 85% used [0x0000000700000000,0x000000070c733800,0x000000070e800000)
 Metaspace       used 11431K, capacity 11649K, committed 11904K, reserved 1060864K
  class space    used 993K, capacity 1079K, committed 1152K, reserved 1048576K
Event: 24329.866 GC heap after
Heap after GC invocations=2791 (full 1):
 PSYoungGen      total 32256K, used 352K [0x0000000780000000, 0x0000000782d00000, 0x00000007c0000000)
  eden space 31744K, 0% used [0x0000000780000000,0x0000000780000000,0x0000000781f00000)
  from space 512K, 68% used [0x0000000782c80000,0x0000000782cd8000,0x0000000782d00000)
  to   space 512K, 0% used [0x0000000782c00000,0x0000000782c00000,0x0000000782c80000)
 ParOldGen       total 237568K, used 203982K [0x0000000700000000, 0x000000070e800000, 0x0000000780000000)
  object space 237568K, 85% used [0x0000000700000000,0x000000070c733800,0x000000070e800000)
 Metaspace       used 11431K, capacity 11649K, committed 11904K, reserved 1060864K
  class space    used 993K, capacity 1079K, committed 1152K, reserved 1048576K
}
Event: 24330.092 GC heap before
{Heap before GC invocations=2792 (full 1):
 PSYoungGen      total 32256K, used 32096K [0x0000000780000000, 0x0000000782d00000, 0x00000007c0000000)
  eden space 31744K, 100% used [0x0000000780000000,0x0000000781f00000,0x0000000781f00000)
  from space 512K, 68% used [0x0000000782c80000,0x0000000782cd8000,0x0000000782d00000)
  to   space 512K, 0% used [0x0000000782c00000,0x0000000782c00000,0x0000000782c80000)
 ParOldGen       total 237568K, used 203982K [0x0000000700000000, 0x000000070e800000, 0x0000000780000000)
  object space 237568K, 85% used [0x0000000700000000,0x000000070c733800,0x000000070e800000)
 Metaspace       used 11431K, capacity 11649K, committed 11904K, reserved 1060864K
  class space    used 993K, capacity 1079K, committed 1152K, reserved 1048576K
Event: 24330.095 GC heap after
Heap after GC invocations=2792 (full 1):
 PSYoungGen      total 32256K, used 320K [0x0000000780000000, 0x0000000782d00000, 0x00000007c0000000)
  eden space 31744K, 0% used [0x0000000780000000,0x0000000780000000,0x0000000781f00000)
  from space 512K, 62% used [0x0000000782c00000,0x0000000782c50000,0x0000000782c80000)
  to   space 512K, 0% used [0x0000000782c80000,0x0000000782c80000,0x0000000782d00000)
 ParOldGen       total 237568K, used 203990K [0x0000000700000000, 0x000000070e800000, 0x0000000780000000)
  object space 237568K, 85% used [0x0000000700000000,0x000000070c735800,0x000000070e800000)
 Metaspace       used 11431K, capacity 11649K, committed 11904K, reserved 1060864K
  class space    used 993K, capacity 1079K, committed 1152K, reserved 1048576K
}
Event: 24330.321 GC heap before
{Heap before GC invocations=2793 (full 1):
 PSYoungGen      total 32256K, used 32064K [0x0000000780000000, 0x0000000782d00000, 0x00000007c0000000)
  eden space 31744K, 100% used [0x0000000780000000,0x0000000781f00000,0x0000000781f00000)
  from space 512K, 62% used [0x0000000782c00000,0x0000000782c50000,0x0000000782c80000)
  to   space 512K, 0% used [0x0000000782c80000,0x0000000782c80000,0x0000000782d00000)
 ParOldGen       total 237568K, used 203990K [0x0000000700000000, 0x000000070e800000, 0x0000000780000000)
  object space 237568K, 85% used [0x0000000700000000,0x000000070c735800,0x000000070e800000)
 Metaspace       used 11431K, capacity 11649K, committed 11904K, reserved 1060864K
  class space    used 993K, capacity 1079K, committed 1152K, reserved 1048576K
Event: 24330.323 GC heap after
Heap after GC invocations=2793 (full 1):
 PSYoungGen      total 32256K, used 320K [0x0000000780000000, 0x0000000782d00000, 0x00000007c0000000)
  eden space 31744K, 0% used [0x0000000780000000,0x0000000780000000,0x0000000781f00000)
  from space 512K, 62% used [0x0000000782c80000,0x0000000782cd0000,0x0000000782d00000)
  to   space 512K, 0% used [0x0000000782c00000,0x0000000782c00000,0x0000000782c80000)
 ParOldGen       total 237568K, used 203998K [0x0000000700000000, 0x000000070e800000, 0x0000000780000000)
  object space 237568K, 85% used [0x0000000700000000,0x000000070c737800,0x000000070e800000)
 Metaspace       used 11431K, capacity 11649K, committed 11904K, reserved 1060864K
  class space    used 993K, capacity 1079K, committed 1152K, reserved 1048576K
}
Event: 24331.020 GC heap before
{Heap before GC invocations=2794 (full 1):
 PSYoungGen      total 32256K, used 32064K [0x0000000780000000, 0x0000000782d00000, 0x00000007c0000000)
  eden space 31744K, 100% used [0x0000000780000000,0x0000000781f00000,0x0000000781f00000)
  from space 512K, 62% used [0x0000000782c80000,0x0000000782cd0000,0x0000000782d00000)
  to   space 512K, 0% used [0x0000000782c00000,0x0000000782c00000,0x0000000782c80000)
 ParOldGen       total 237568K, used 203998K [0x0000000700000000, 0x000000070e800000, 0x0000000780000000)
  object space 237568K, 85% used [0x0000000700000000,0x000000070c737800,0x000000070e800000)
 Metaspace       used 11431K, capacity 11649K, committed 11904K, reserved 1060864K
  class space    used 993K, capacity 1079K, committed 1152K, reserved 1048576K
Event: 24331.023 GC heap after
Heap after GC invocations=2794 (full 1):
 PSYoungGen      total 32256K, used 320K [0x0000000780000000, 0x0000000782d00000, 0x00000007c0000000)
  eden space 31744K, 0% used [0x0000000780000000,0x0000000780000000,0x0000000781f00000)
  from space 512K, 62% used [0x0000000782c00000,0x0000000782c50000,0x0000000782c80000)
  to   space 512K, 0% used [0x0000000782c80000,0x0000000782c80000,0x0000000782d00000)
 ParOldGen       total 237568K, used 204014K [0x0000000700000000, 0x000000070e800000, 0x0000000780000000)
  object space 237568K, 85% used [0x0000000700000000,0x000000070c73b800,0x000000070e800000)
 Metaspace       used 11431K, capacity 11649K, committed 11904K, reserved 1060864K
  class space    used 993K, capacity 1079K, committed 1152K, reserved 1048576K
}

